# JRE version: OpenJDK Runtime Environment (17.0.6) (build 17.0.6+0-b2043.56-10027231)
# Java VM: OpenJDK 64-Bit Server VM (17.0.6+0-b2043.56-10027231, mixed mode, tiered, compressed oops, compressed class ptrs, g1 gc, windows-amd64)
GC Precious Log:
 CPUs: 8 total, 8 available
 Memory: 8062M
 Large Page Support: Disabled
 NUMA Support: Disabled
 Compressed Oops: Enabled (32-bit)
 Heap Region Size: 1M
 Heap Min Capacity: 8M
 Heap Initial Capacity: 126M
 Heap Max Capacity: 2G
 Pre-touch: Disabled
 Parallel Workers: 8
 Concurrent Workers: 2
 Concurrent Refinement Workers: 8
 Periodic GC: Disabled
Heap:
 garbage-first heap   total 114688K, used 79053K [0x0000000080000000, 0x0000000100000000)
  region size 1024K, 17 young (17408K), 4 survivors (4096K)
 Metaspace       used 49064K, committed 49536K, reserved 1097728K
  class space    used 6420K, committed 6592K, reserved 1048576K
GC Heap History (20 events):
Event: 3.509 GC heap before
{Heap before GC invocations=7 (full 0):
 garbage-first heap   total 71680K, used 44232K [0x0000000080000000, 0x0000000100000000)
  region size 1024K, 5 young (5120K), 4 survivors (4096K)
 Metaspace       used 29284K, committed 29632K, reserved 1081344K
  class space    used 3977K, committed 4160K, reserved 1048576K
}
Event: 3.512 GC heap after
{Heap after GC invocations=8 (full 0):
 garbage-first heap   total 100352K, used 44148K [0x0000000080000000, 0x0000000100000000)
  region size 1024K, 1 young (1024K), 1 survivors (1024K)
 Metaspace       used 29284K, committed 29632K, reserved 1081344K
  class space    used 3977K, committed 4160K, reserved 1048576K
}
Event: 4.516 GC heap before
{Heap before GC invocations=8 (full 0):
 garbage-first heap   total 100352K, used 77940K [0x0000000080000000, 0x0000000100000000)
  region size 1024K, 33 young (33792K), 1 survivors (1024K)
 Metaspace       used 33487K, committed 33856K, reserved 1081344K
  class space    used 4647K, committed 4800K, reserved 1048576K
}
Event: 4.519 GC heap after
{Heap after GC invocations=9 (full 0):
 garbage-first heap   total 100352K, used 48906K [0x0000000080000000, 0x0000000100000000)
  region size 1024K, 3 young (3072K), 3 survivors (3072K)
 Metaspace       used 33487K, committed 33856K, reserved 1081344K
  class space    used 4647K, committed 4800K, reserved 1048576K
}
Event: 4.754 GC heap before
{Heap before GC invocations=9 (full 0):
 garbage-first heap   total 100352K, used 61194K [0x0000000080000000, 0x0000000100000000)
  region size 1024K, 16 young (16384K), 3 survivors (3072K)
 Metaspace       used 35912K, committed 36288K, reserved 1081344K
  class space    used 5008K, committed 5184K, reserved 1048576K
}
Event: 4.757 GC heap after
{Heap after GC invocations=10 (full 0):
 garbage-first heap   total 100352K, used 49757K [0x0000000080000000, 0x0000000100000000)
  region size 1024K, 1 young (1024K), 1 survivors (1024K)
 Metaspace       used 35912K, committed 36288K, reserved 1081344K
  class space    used 5008K, committed 5184K, reserved 1048576K
}
Event: 5.639 GC heap before
{Heap before GC invocations=11 (full 0):
 garbage-first heap   total 100352K, used 80477K [0x0000000080000000, 0x0000000100000000)
  region size 1024K, 31 young (31744K), 1 survivors (1024K)
 Metaspace       used 41618K, committed 42048K, reserved 1089536K
  class space    used 5568K, committed 5760K, reserved 1048576K
}
Event: 5.643 GC heap after
{Heap after GC invocations=12 (full 0):
 garbage-first heap   total 100352K, used 54046K [0x0000000080000000, 0x0000000100000000)
  region size 1024K, 4 young (4096K), 4 survivors (4096K)
 Metaspace       used 41618K, committed 42048K, reserved 1089536K
  class space    used 5568K, committed 5760K, reserved 1048576K
}
Event: 5.650 GC heap before
{Heap before GC invocations=12 (full 0):
 garbage-first heap   total 100352K, used 55070K [0x0000000080000000, 0x0000000100000000)
  region size 1024K, 5 young (5120K), 4 survivors (4096K)
 Metaspace       used 41619K, committed 42048K, reserved 1089536K
  class space    used 5568K, committed 5760K, reserved 1048576K
}
Event: 5.653 GC heap after
{Heap after GC invocations=13 (full 0):
 garbage-first heap   total 100352K, used 54279K [0x0000000080000000, 0x0000000100000000)
  region size 1024K, 1 young (1024K), 1 survivors (1024K)
 Metaspace       used 41619K, committed 42048K, reserved 1089536K
  class space    used 5568K, committed 5760K, reserved 1048576K
}
Event: 5.737 GC heap before
{Heap before GC invocations=13 (full 0):
 garbage-first heap   total 100352K, used 63495K [0x0000000080000000, 0x0000000100000000)
  region size 1024K, 12 young (12288K), 1 survivors (1024K)
 Metaspace       used 42095K, committed 42560K, reserved 1089536K
  class space    used 5613K, committed 5824K, reserved 1048576K
}
Event: 5.739 GC heap after
{Heap after GC invocations=14 (full 0):
 garbage-first heap   total 100352K, used 55830K [0x0000000080000000, 0x0000000100000000)
  region size 1024K, 3 young (3072K), 3 survivors (3072K)
 Metaspace       used 42095K, committed 42560K, reserved 1089536K
  class space    used 5613K, committed 5824K, reserved 1048576K
}
Event: 6.239 GC heap before
{Heap before GC invocations=15 (full 0):
 garbage-first heap   total 102400K, used 82454K [0x0000000080000000, 0x0000000100000000)
  region size 1024K, 26 young (26624K), 3 survivors (3072K)
 Metaspace       used 45875K, committed 46336K, reserved 1089536K
  class space    used 6075K, committed 6272K, reserved 1048576K
}
Event: 6.243 GC heap after
{Heap after GC invocations=16 (full 0):
 garbage-first heap   total 102400K, used 56787K [0x0000000080000000, 0x0000000100000000)
  region size 1024K, 3 young (3072K), 3 survivors (3072K)
 Metaspace       used 45875K, committed 46336K, reserved 1089536K
  class space    used 6075K, committed 6272K, reserved 1048576K
}
Event: 6.273 GC heap before
{Heap before GC invocations=16 (full 0):
 garbage-first heap   total 102400K, used 58835K [0x0000000080000000, 0x0000000100000000)
  region size 1024K, 5 young (5120K), 3 survivors (3072K)
 Metaspace       used 46093K, committed 46464K, reserved 1089536K
  class space    used 6111K, committed 6272K, reserved 1048576K
}
Event: 6.278 GC heap after
{Heap after GC invocations=17 (full 0):
 garbage-first heap   total 102400K, used 56663K [0x0000000080000000, 0x0000000100000000)
  region size 1024K, 1 young (1024K), 1 survivors (1024K)
 Metaspace       used 46093K, committed 46464K, reserved 1089536K
  class space    used 6111K, committed 6272K, reserved 1048576K
}
Event: 6.432 GC heap before
{Heap before GC invocations=17 (full 0):
 garbage-first heap   total 102400K, used 61783K [0x0000000080000000, 0x0000000100000000)
  region size 1024K, 7 young (7168K), 1 survivors (1024K)
 Metaspace       used 46504K, committed 46976K, reserved 1097728K
  class space    used 6180K, committed 6400K, reserved 1048576K
}
Event: 6.434 GC heap after
{Heap after GC invocations=18 (full 0):
 garbage-first heap   total 102400K, used 57307K [0x0000000080000000, 0x0000000100000000)
  region size 1024K, 2 young (2048K), 2 survivors (2048K)
 Metaspace       used 46504K, committed 46976K, reserved 1097728K
  class space    used 6180K, committed 6400K, reserved 1048576K
}
Event: 6.597 GC heap before
{Heap before GC invocations=19 (full 0):
 garbage-first heap   total 111616K, used 72667K [0x0000000080000000, 0x0000000100000000)
  region size 1024K, 13 young (13312K), 2 survivors (2048K)
 Metaspace       used 47223K, committed 47680K, reserved 1097728K
  class space    used 6262K, committed 6464K, reserved 1048576K
}
Event: 6.599 GC heap after
{Heap after GC invocations=20 (full 0):
 garbage-first heap   total 111616K, used 65741K [0x0000000080000000, 0x0000000100000000)
  region size 1024K, 4 young (4096K), 4 survivors (4096K)
 Metaspace       used 47223K, committed 47680K, reserved 1097728K
  class space    used 6262K, committed 6464K, reserved 1048576K
}

