# JRE version: OpenJDK Runtime Environment (17.0.6) (build 17.0.6+0-b2043.56-10027231)
# Java VM: OpenJDK 64-Bit Server VM (17.0.6+0-b2043.56-10027231, mixed mode, tiered, compressed oops, compressed class ptrs, g1 gc, windows-amd64)
GC Precious Log:
 CPUs: 8 total, 8 available
 Memory: 8062M
 Large Page Support: Disabled
 NUMA Support: Disabled
 Compressed Oops: Enabled (32-bit)
 Heap Region Size: 1M
 Heap Min Capacity: 8M
 Heap Initial Capacity: 126M
 Heap Max Capacity: 2G
 Pre-touch: Disabled
 Parallel Workers: 8
 Concurrent Workers: 2
 Concurrent Refinement Workers: 8
 Periodic GC: Disabled
Heap:
 garbage-first heap   total 110592K, used 76913K [0x0000000080000000, 0x0000000100000000)
  region size 1024K, 21 young (21504K), 2 survivors (2048K)
 Metaspace       used 45365K, committed 45824K, reserved 1089536K
  class space    used 5998K, committed 6208K, reserved 1048576K
GC Heap History (20 events):
Event: 2.782 GC heap before
{Heap before GC invocations=2 (full 0):
 garbage-first heap   total 129024K, used 49526K [0x0000000080000000, 0x0000000100000000)
  region size 1024K, 39 young (39936K), 4 survivors (4096K)
 Metaspace       used 21243K, committed 21504K, reserved 1073152K
  class space    used 2563K, committed 2688K, reserved 1048576K
}
Event: 2.788 GC heap after
{Heap after GC invocations=3 (full 0):
 garbage-first heap   total 129024K, used 18685K [0x0000000080000000, 0x0000000100000000)
  region size 1024K, 8 young (8192K), 8 survivors (8192K)
 Metaspace       used 21243K, committed 21504K, reserved 1073152K
  class space    used 2563K, committed 2688K, reserved 1048576K
}
Event: 3.358 GC heap before
{Heap before GC invocations=4 (full 0):
 garbage-first heap   total 68608K, used 50429K [0x0000000080000000, 0x0000000100000000)
  region size 1024K, 40 young (40960K), 8 survivors (8192K)
 Metaspace       used 26235K, committed 26496K, reserved 1073152K
  class space    used 3440K, committed 3584K, reserved 1048576K
}
Event: 3.366 GC heap after
{Heap after GC invocations=5 (full 0):
 garbage-first heap   total 68608K, used 20905K [0x0000000080000000, 0x0000000100000000)
  region size 1024K, 3 young (3072K), 3 survivors (3072K)
 Metaspace       used 26235K, committed 26496K, reserved 1073152K
  class space    used 3440K, committed 3584K, reserved 1048576K
}
Event: 3.891 GC heap before
{Heap before GC invocations=5 (full 0):
 garbage-first heap   total 68608K, used 49577K [0x0000000080000000, 0x0000000100000000)
  region size 1024K, 25 young (25600K), 3 survivors (3072K)
 Metaspace       used 29309K, committed 29696K, reserved 1081344K
  class space    used 3973K, committed 4160K, reserved 1048576K
}
Event: 3.897 GC heap after
{Heap after GC invocations=6 (full 0):
 garbage-first heap   total 68608K, used 32524K [0x0000000080000000, 0x0000000100000000)
  region size 1024K, 4 young (4096K), 4 survivors (4096K)
 Metaspace       used 29309K, committed 29696K, reserved 1081344K
  class space    used 3973K, committed 4160K, reserved 1048576K
}
Event: 3.916 GC heap before
{Heap before GC invocations=6 (full 0):
 garbage-first heap   total 68608K, used 44812K [0x0000000080000000, 0x0000000100000000)
  region size 1024K, 5 young (5120K), 4 survivors (4096K)
 Metaspace       used 29311K, committed 29696K, reserved 1081344K
  class space    used 3973K, committed 4160K, reserved 1048576K
}
Event: 3.919 GC heap after
{Heap after GC invocations=7 (full 0):
 garbage-first heap   total 68608K, used 44498K [0x0000000080000000, 0x0000000100000000)
  region size 1024K, 1 young (1024K), 1 survivors (1024K)
 Metaspace       used 29311K, committed 29696K, reserved 1081344K
  class space    used 3973K, committed 4160K, reserved 1048576K
}
Event: 4.291 GC heap before
{Heap before GC invocations=8 (full 0):
 garbage-first heap   total 83968K, used 54738K [0x0000000080000000, 0x0000000100000000)
  region size 1024K, 10 young (10240K), 1 survivors (1024K)
 Metaspace       used 30488K, committed 30912K, reserved 1081344K
  class space    used 4149K, committed 4352K, reserved 1048576K
}
Event: 4.293 GC heap after
{Heap after GC invocations=9 (full 0):
 garbage-first heap   total 83968K, used 48201K [0x0000000080000000, 0x0000000100000000)
  region size 1024K, 2 young (2048K), 2 survivors (2048K)
 Metaspace       used 30488K, committed 30912K, reserved 1081344K
  class space    used 4149K, committed 4352K, reserved 1048576K
}
Event: 4.596 GC heap before
{Heap before GC invocations=9 (full 0):
 garbage-first heap   total 83968K, used 63561K [0x0000000080000000, 0x0000000100000000)
  region size 1024K, 17 young (17408K), 2 survivors (2048K)
 Metaspace       used 32451K, committed 32832K, reserved 1081344K
  class space    used 4484K, committed 4672K, reserved 1048576K
}
Event: 4.598 GC heap after
{Heap after GC invocations=10 (full 0):
 garbage-first heap   total 83968K, used 48930K [0x0000000080000000, 0x0000000100000000)
  region size 1024K, 1 young (1024K), 1 survivors (1024K)
 Metaspace       used 32451K, committed 32832K, reserved 1081344K
  class space    used 4484K, committed 4672K, reserved 1048576K
}
Event: 4.982 GC heap before
{Heap before GC invocations=11 (full 0):
 garbage-first heap   total 86016K, used 65314K [0x0000000080000000, 0x0000000100000000)
  region size 1024K, 17 young (17408K), 1 survivors (1024K)
 Metaspace       used 35040K, committed 35456K, reserved 1081344K
  class space    used 4866K, committed 5056K, reserved 1048576K
}
Event: 4.985 GC heap after
{Heap after GC invocations=12 (full 0):
 garbage-first heap   total 86016K, used 49640K [0x0000000080000000, 0x0000000100000000)
  region size 1024K, 2 young (2048K), 2 survivors (2048K)
 Metaspace       used 35040K, committed 35456K, reserved 1081344K
  class space    used 4866K, committed 5056K, reserved 1048576K
}
Event: 5.831 GC heap before
{Heap before GC invocations=12 (full 0):
 garbage-first heap   total 86016K, used 68072K [0x0000000080000000, 0x0000000100000000)
  region size 1024K, 20 young (20480K), 2 survivors (2048K)
 Metaspace       used 40489K, committed 40832K, reserved 1089536K
  class space    used 5476K, committed 5632K, reserved 1048576K
}
Event: 5.836 GC heap after
{Heap after GC invocations=13 (full 0):
 garbage-first heap   total 86016K, used 52050K [0x0000000080000000, 0x0000000100000000)
  region size 1024K, 3 young (3072K), 3 survivors (3072K)
 Metaspace       used 40489K, committed 40832K, reserved 1089536K
  class space    used 5476K, committed 5632K, reserved 1048576K
}
Event: 6.080 GC heap before
{Heap before GC invocations=14 (full 0):
 garbage-first heap   total 92160K, used 67410K [0x0000000080000000, 0x0000000100000000)
  region size 1024K, 19 young (19456K), 3 survivors (3072K)
 Metaspace       used 41594K, committed 42048K, reserved 1089536K
  class space    used 5564K, committed 5760K, reserved 1048576K
}
Event: 6.085 GC heap after
{Heap after GC invocations=15 (full 0):
 garbage-first heap   total 92160K, used 54601K [0x0000000080000000, 0x0000000100000000)
  region size 1024K, 3 young (3072K), 3 survivors (3072K)
 Metaspace       used 41594K, committed 42048K, reserved 1089536K
  class space    used 5564K, committed 5760K, reserved 1048576K
}
Event: 6.183 GC heap before
{Heap before GC invocations=15 (full 0):
 garbage-first heap   total 92160K, used 64841K [0x0000000080000000, 0x0000000100000000)
  region size 1024K, 15 young (15360K), 3 survivors (3072K)
 Metaspace       used 42066K, committed 42560K, reserved 1089536K
  class space    used 5609K, committed 5824K, reserved 1048576K
}
Event: 6.185 GC heap after
{Heap after GC invocations=16 (full 0):
 garbage-first heap   total 110592K, used 55409K [0x0000000080000000, 0x0000000100000000)
  region size 1024K, 2 young (2048K), 2 survivors (2048K)
 Metaspace       used 42066K, committed 42560K, reserved 1089536K
  class space    used 5609K, committed 5824K, reserved 1048576K
}

