# JRE version: OpenJDK Runtime Environment (17.0.6) (build 17.0.6+0-b2043.56-10027231)
# Java VM: OpenJDK 64-Bit Server VM (17.0.6+0-b2043.56-10027231, mixed mode, tiered, compressed oops, compressed class ptrs, g1 gc, windows-amd64)
GC Precious Log:
 CPUs: 8 total, 8 available
 Memory: 8062M
 Large Page Support: Disabled
 NUMA Support: Disabled
 Compressed Oops: Enabled (32-bit)
 Heap Region Size: 1M
 Heap Min Capacity: 8M
 Heap Initial Capacity: 126M
 Heap Max Capacity: 2G
 Pre-touch: Disabled
 Parallel Workers: 8
 Concurrent Workers: 2
 Concurrent Refinement Workers: 8
 Periodic GC: Disabled
Heap:
 garbage-first heap   total 102400K, used 62798K [0x0000000080000000, 0x0000000100000000)
  region size 1024K, 10 young (10240K), 2 survivors (2048K)
 Metaspace       used 46414K, committed 46784K, reserved 1089536K
  class space    used 6176K, committed 6336K, reserved 1048576K
GC Heap History (20 events):
Event: 2.872 GC heap before
{Heap before GC invocations=4 (full 0):
 garbage-first heap   total 68608K, used 50196K [0x0000000080000000, 0x0000000100000000)
  region size 1024K, 40 young (40960K), 8 survivors (8192K)
 Metaspace       used 26323K, committed 26688K, reserved 1073152K
  class space    used 3466K, committed 3648K, reserved 1048576K
}
Event: 2.878 GC heap after
{Heap after GC invocations=5 (full 0):
 garbage-first heap   total 68608K, used 20595K [0x0000000080000000, 0x0000000100000000)
  region size 1024K, 3 young (3072K), 3 survivors (3072K)
 Metaspace       used 26323K, committed 26688K, reserved 1073152K
  class space    used 3466K, committed 3648K, reserved 1048576K
}
Event: 3.263 GC heap before
{Heap before GC invocations=5 (full 0):
 garbage-first heap   total 68608K, used 48243K [0x0000000080000000, 0x0000000100000000)
  region size 1024K, 24 young (24576K), 3 survivors (3072K)
 Metaspace       used 29280K, committed 29632K, reserved 1081344K
  class space    used 3984K, committed 4160K, reserved 1048576K
}
Event: 3.268 GC heap after
{Heap after GC invocations=6 (full 0):
 garbage-first heap   total 68608K, used 31840K [0x0000000080000000, 0x0000000100000000)
  region size 1024K, 4 young (4096K), 4 survivors (4096K)
 Metaspace       used 29280K, committed 29632K, reserved 1081344K
  class space    used 3984K, committed 4160K, reserved 1048576K
}
Event: 3.282 GC heap before
{Heap before GC invocations=6 (full 0):
 garbage-first heap   total 68608K, used 44128K [0x0000000080000000, 0x0000000100000000)
  region size 1024K, 5 young (5120K), 4 survivors (4096K)
 Metaspace       used 29281K, committed 29632K, reserved 1081344K
  class space    used 3984K, committed 4160K, reserved 1048576K
}
Event: 3.285 GC heap after
{Heap after GC invocations=7 (full 0):
 garbage-first heap   total 82944K, used 44568K [0x0000000080000000, 0x0000000100000000)
  region size 1024K, 1 young (1024K), 1 survivors (1024K)
 Metaspace       used 29281K, committed 29632K, reserved 1081344K
  class space    used 3984K, committed 4160K, reserved 1048576K
}
Event: 3.609 GC heap before
{Heap before GC invocations=8 (full 0):
 garbage-first heap   total 83968K, used 64024K [0x0000000080000000, 0x0000000100000000)
  region size 1024K, 19 young (19456K), 1 survivors (1024K)
 Metaspace       used 31478K, committed 31808K, reserved 1081344K
  class space    used 4345K, committed 4544K, reserved 1048576K
}
Event: 3.611 GC heap after
{Heap after GC invocations=9 (full 0):
 garbage-first heap   total 83968K, used 48725K [0x0000000080000000, 0x0000000100000000)
  region size 1024K, 3 young (3072K), 3 survivors (3072K)
 Metaspace       used 31478K, committed 31808K, reserved 1081344K
  class space    used 4345K, committed 4544K, reserved 1048576K
}
Event: 3.968 GC heap before
{Heap before GC invocations=9 (full 0):
 garbage-first heap   total 83968K, used 63061K [0x0000000080000000, 0x0000000100000000)
  region size 1024K, 18 young (18432K), 3 survivors (3072K)
 Metaspace       used 33604K, committed 34048K, reserved 1081344K
  class space    used 4672K, committed 4864K, reserved 1048576K
}
Event: 3.970 GC heap after
{Heap after GC invocations=10 (full 0):
 garbage-first heap   total 83968K, used 49398K [0x0000000080000000, 0x0000000100000000)
  region size 1024K, 1 young (1024K), 1 survivors (1024K)
 Metaspace       used 33604K, committed 34048K, reserved 1081344K
  class space    used 4672K, committed 4864K, reserved 1048576K
}
Event: 5.206 GC heap before
{Heap before GC invocations=11 (full 0):
 garbage-first heap   total 87040K, used 64758K [0x0000000080000000, 0x0000000100000000)
  region size 1024K, 17 young (17408K), 1 survivors (1024K)
 Metaspace       used 36561K, committed 36992K, reserved 1081344K
  class space    used 5097K, committed 5312K, reserved 1048576K
}
Event: 5.209 GC heap after
{Heap after GC invocations=12 (full 0):
 garbage-first heap   total 87040K, used 50872K [0x0000000080000000, 0x0000000100000000)
  region size 1024K, 3 young (3072K), 3 survivors (3072K)
 Metaspace       used 36561K, committed 36992K, reserved 1081344K
  class space    used 5097K, committed 5312K, reserved 1048576K
}
Event: 5.984 GC heap before
{Heap before GC invocations=12 (full 0):
 garbage-first heap   total 87040K, used 67256K [0x0000000080000000, 0x0000000100000000)
  region size 1024K, 20 young (20480K), 3 survivors (3072K)
 Metaspace       used 41600K, committed 41984K, reserved 1089536K
  class space    used 5575K, committed 5760K, reserved 1048576K
}
Event: 5.988 GC heap after
{Heap after GC invocations=13 (full 0):
 garbage-first heap   total 87040K, used 53246K [0x0000000080000000, 0x0000000100000000)
  region size 1024K, 3 young (3072K), 3 survivors (3072K)
 Metaspace       used 41600K, committed 41984K, reserved 1089536K
  class space    used 5575K, committed 5760K, reserved 1048576K
}
Event: 6.094 GC heap before
{Heap before GC invocations=14 (full 0):
 garbage-first heap   total 96256K, used 69630K [0x0000000080000000, 0x0000000100000000)
  region size 1024K, 19 young (19456K), 3 survivors (3072K)
 Metaspace       used 41747K, committed 42112K, reserved 1089536K
  class space    used 5589K, committed 5760K, reserved 1048576K
}
Event: 6.098 GC heap after
{Heap after GC invocations=15 (full 0):
 garbage-first heap   total 96256K, used 54682K [0x0000000080000000, 0x0000000100000000)
  region size 1024K, 2 young (2048K), 2 survivors (2048K)
 Metaspace       used 41747K, committed 42112K, reserved 1089536K
  class space    used 5589K, committed 5760K, reserved 1048576K
}
Event: 6.178 GC heap before
{Heap before GC invocations=15 (full 0):
 garbage-first heap   total 96256K, used 57754K [0x0000000080000000, 0x0000000100000000)
  region size 1024K, 7 young (7168K), 2 survivors (2048K)
 Metaspace       used 42074K, committed 42432K, reserved 1089536K
  class space    used 5620K, committed 5824K, reserved 1048576K
}
Event: 6.180 GC heap after
{Heap after GC invocations=16 (full 0):
 garbage-first heap   total 96256K, used 55700K [0x0000000080000000, 0x0000000100000000)
  region size 1024K, 3 young (3072K), 3 survivors (3072K)
 Metaspace       used 42074K, committed 42432K, reserved 1089536K
  class space    used 5620K, committed 5824K, reserved 1048576K
}
Event: 6.577 GC heap before
{Heap before GC invocations=17 (full 0):
 garbage-first heap   total 102400K, used 78228K [0x0000000080000000, 0x0000000100000000)
  region size 1024K, 23 young (23552K), 3 survivors (3072K)
 Metaspace       used 45520K, committed 45888K, reserved 1089536K
  class space    used 6035K, committed 6208K, reserved 1048576K
}
Event: 6.580 GC heap after
{Heap after GC invocations=18 (full 0):
 garbage-first heap   total 102400K, used 56654K [0x0000000080000000, 0x0000000100000000)
  region size 1024K, 2 young (2048K), 2 survivors (2048K)
 Metaspace       used 45520K, committed 45888K, reserved 1089536K
  class space    used 6035K, committed 6208K, reserved 1048576K
}

