# JRE version: OpenJDK Runtime Environment (17.0.6) (build 17.0.6+0-b2043.56-10027231)
# Java VM: OpenJDK 64-Bit Server VM (17.0.6+0-b2043.56-10027231, mixed mode, tiered, compressed oops, compressed class ptrs, g1 gc, windows-amd64)
GC Precious Log:
 CPUs: 8 total, 8 available
 Memory: 8062M
 Large Page Support: Disabled
 NUMA Support: Disabled
 Compressed Oops: Enabled (32-bit)
 Heap Region Size: 1M
 Heap Min Capacity: 8M
 Heap Initial Capacity: 126M
 Heap Max Capacity: 2G
 Pre-touch: Disabled
 Parallel Workers: 8
 Concurrent Workers: 2
 Concurrent Refinement Workers: 8
 Periodic GC: Disabled
Heap:
 garbage-first heap   total 89088K, used 54234K [0x0000000080000000, 0x0000000100000000)
  region size 1024K, 3 young (3072K), 3 survivors (3072K)
 Metaspace       used 41613K, committed 42048K, reserved 1089536K
  class space    used 5569K, committed 5760K, reserved 1048576K
GC Heap History (20 events):
Event: 0.941 GC heap after
{Heap after GC invocations=2 (full 0):
 garbage-first heap   total 129024K, used 14493K [0x0000000080000000, 0x0000000100000000)
  region size 1024K, 4 young (4096K), 4 survivors (4096K)
 Metaspace       used 11185K, committed 11392K, reserved 1064960K
  class space    used 1161K, committed 1280K, reserved 1048576K
}
Event: 1.903 GC heap before
{Heap before GC invocations=2 (full 0):
 garbage-first heap   total 129024K, used 51357K [0x0000000080000000, 0x0000000100000000)
  region size 1024K, 41 young (41984K), 4 survivors (4096K)
 Metaspace       used 21303K, committed 21504K, reserved 1073152K
  class space    used 2573K, committed 2688K, reserved 1048576K
}
Event: 1.909 GC heap after
{Heap after GC invocations=3 (full 0):
 garbage-first heap   total 129024K, used 18440K [0x0000000080000000, 0x0000000100000000)
  region size 1024K, 8 young (8192K), 8 survivors (8192K)
 Metaspace       used 21303K, committed 21504K, reserved 1073152K
  class space    used 2573K, committed 2688K, reserved 1048576K
}
Event: 2.527 GC heap before
{Heap before GC invocations=4 (full 0):
 garbage-first heap   total 68608K, used 51208K [0x0000000080000000, 0x0000000100000000)
  region size 1024K, 40 young (40960K), 8 survivors (8192K)
 Metaspace       used 26278K, committed 26560K, reserved 1073152K
  class space    used 3448K, committed 3584K, reserved 1048576K
}
Event: 2.535 GC heap after
{Heap after GC invocations=5 (full 0):
 garbage-first heap   total 68608K, used 20473K [0x0000000080000000, 0x0000000100000000)
  region size 1024K, 3 young (3072K), 3 survivors (3072K)
 Metaspace       used 26278K, committed 26560K, reserved 1073152K
  class space    used 3448K, committed 3584K, reserved 1048576K
}
Event: 2.559 GC heap before
{Heap before GC invocations=5 (full 0):
 garbage-first heap   total 68608K, used 21497K [0x0000000080000000, 0x0000000100000000)
  region size 1024K, 4 young (4096K), 3 survivors (3072K)
 Metaspace       used 26399K, committed 26752K, reserved 1073152K
  class space    used 3472K, committed 3648K, reserved 1048576K
}
Event: 2.561 GC heap after
{Heap after GC invocations=6 (full 0):
 garbage-first heap   total 68608K, used 20682K [0x0000000080000000, 0x0000000100000000)
  region size 1024K, 1 young (1024K), 1 survivors (1024K)
 Metaspace       used 26399K, committed 26752K, reserved 1073152K
  class space    used 3472K, committed 3648K, reserved 1048576K
}
Event: 3.072 GC heap before
{Heap before GC invocations=6 (full 0):
 garbage-first heap   total 68608K, used 47306K [0x0000000080000000, 0x0000000100000000)
  region size 1024K, 21 young (21504K), 1 survivors (1024K)
 Metaspace       used 29327K, committed 29696K, reserved 1081344K
  class space    used 3978K, committed 4160K, reserved 1048576K
}
Event: 3.076 GC heap after
{Heap after GC invocations=7 (full 0):
 garbage-first heap   total 68608K, used 31840K [0x0000000080000000, 0x0000000100000000)
  region size 1024K, 4 young (4096K), 4 survivors (4096K)
 Metaspace       used 29327K, committed 29696K, reserved 1081344K
  class space    used 3978K, committed 4160K, reserved 1048576K
}
Event: 3.091 GC heap before
{Heap before GC invocations=7 (full 0):
 garbage-first heap   total 68608K, used 44128K [0x0000000080000000, 0x0000000100000000)
  region size 1024K, 5 young (5120K), 4 survivors (4096K)
 Metaspace       used 29329K, committed 29696K, reserved 1081344K
  class space    used 3978K, committed 4160K, reserved 1048576K
}
Event: 3.094 GC heap after
{Heap after GC invocations=8 (full 0):
 garbage-first heap   total 68608K, used 44176K [0x0000000080000000, 0x0000000100000000)
  region size 1024K, 1 young (1024K), 1 survivors (1024K)
 Metaspace       used 29329K, committed 29696K, reserved 1081344K
  class space    used 3978K, committed 4160K, reserved 1048576K
}
Event: 3.302 GC heap before
{Heap before GC invocations=9 (full 0):
 garbage-first heap   total 81920K, used 54416K [0x0000000080000000, 0x0000000100000000)
  region size 1024K, 10 young (10240K), 1 survivors (1024K)
 Metaspace       used 30508K, committed 30848K, reserved 1081344K
  class space    used 4154K, committed 4288K, reserved 1048576K
}
Event: 3.304 GC heap after
{Heap after GC invocations=10 (full 0):
 garbage-first heap   total 81920K, used 48213K [0x0000000080000000, 0x0000000100000000)
  region size 1024K, 2 young (2048K), 2 survivors (2048K)
 Metaspace       used 30508K, committed 30848K, reserved 1081344K
  class space    used 4154K, committed 4288K, reserved 1048576K
}
Event: 3.627 GC heap before
{Heap before GC invocations=10 (full 0):
 garbage-first heap   total 81920K, used 63573K [0x0000000080000000, 0x0000000100000000)
  region size 1024K, 17 young (17408K), 2 survivors (2048K)
 Metaspace       used 32502K, committed 32896K, reserved 1081344K
  class space    used 4497K, committed 4672K, reserved 1048576K
}
Event: 3.630 GC heap after
{Heap after GC invocations=11 (full 0):
 garbage-first heap   total 81920K, used 48652K [0x0000000080000000, 0x0000000100000000)
  region size 1024K, 1 young (1024K), 1 survivors (1024K)
 Metaspace       used 32502K, committed 32896K, reserved 1081344K
  class space    used 4497K, committed 4672K, reserved 1048576K
}
Event: 3.937 GC heap before
{Heap before GC invocations=12 (full 0):
 garbage-first heap   total 83968K, used 64012K [0x0000000080000000, 0x0000000100000000)
  region size 1024K, 16 young (16384K), 1 survivors (1024K)
 Metaspace       used 34879K, committed 35200K, reserved 1081344K
  class space    used 4861K, committed 4992K, reserved 1048576K
}
Event: 3.939 GC heap after
{Heap after GC invocations=13 (full 0):
 garbage-first heap   total 83968K, used 49300K [0x0000000080000000, 0x0000000100000000)
  region size 1024K, 2 young (2048K), 2 survivors (2048K)
 Metaspace       used 34879K, committed 35200K, reserved 1081344K
  class space    used 4861K, committed 4992K, reserved 1048576K
}
Event: 4.825 GC heap before
{Heap before GC invocations=13 (full 0):
 garbage-first heap   total 83968K, used 65684K [0x0000000080000000, 0x0000000100000000)
  region size 1024K, 19 young (19456K), 2 survivors (2048K)
 Metaspace       used 40111K, committed 40448K, reserved 1089536K
  class space    used 5419K, committed 5568K, reserved 1048576K
}
Event: 4.829 GC heap after
{Heap after GC invocations=14 (full 0):
 garbage-first heap   total 83968K, used 51670K [0x0000000080000000, 0x0000000100000000)
  region size 1024K, 3 young (3072K), 3 survivors (3072K)
 Metaspace       used 40111K, committed 40448K, reserved 1089536K
  class space    used 5419K, committed 5568K, reserved 1048576K
}
Event: 5.091 GC heap before
{Heap before GC invocations=15 (full 0):
 garbage-first heap   total 89088K, used 66006K [0x0000000080000000, 0x0000000100000000)
  region size 1024K, 18 young (18432K), 3 survivors (3072K)
 Metaspace       used 41613K, committed 42048K, reserved 1089536K
  class space    used 5569K, committed 5760K, reserved 1048576K
}

